#! /c/Source/iverilog-install/bin/vvp
:ivl_version "12.0 (devel)" "(s20150603-1110-g18392a46)";
:ivl_delay_selection "TYPICAL";
:vpi_time_precision - 12;
:vpi_module "C:\iverilog\lib\ivl\system.vpi";
:vpi_module "C:\iverilog\lib\ivl\vhdl_sys.vpi";
:vpi_module "C:\iverilog\lib\ivl\vhdl_textio.vpi";
:vpi_module "C:\iverilog\lib\ivl\v2005_math.vpi";
:vpi_module "C:\iverilog\lib\ivl\va_math.vpi";
S_000002afe1a3e880 .scope module, "elelock_tp" "elelock_tp" 2 3;
 .timescale -12 -12;
P_000002afe1a40390 .param/l "STEP" 0 2 8, +C4<00000000000000000000001111101000>;
v000002afe1a3e360_0 .var "ck", 0 0;
v000002afe1ab3990_0 .var "close", 0 0;
v000002afe1ab3f30_0 .net "lock", 0 0, v000002afe1a3e0e0_0;  1 drivers
v000002afe1ab30d0_0 .var "reset", 0 0;
v000002afe1ab3ad0_0 .var "tenkey", 9 0;
S_000002afe1a44b40 .scope module, "elelock" "elelock" 2 14, 3 3 0, S_000002afe1a3e880;
 .timescale 0 0;
    .port_info 0 /INPUT 1 "ck";
    .port_info 1 /INPUT 1 "reset";
    .port_info 2 /INPUT 10 "tenkey";
    .port_info 3 /INPUT 1 "close";
    .port_info 4 /OUTPUT 1 "lock";
P_000002afe1a3d690 .param/l "SECRET_0" 0 3 12, C4<1001>;
P_000002afe1a3d6c8 .param/l "SECRET_1" 0 3 12, C4<1001>;
P_000002afe1a3d700 .param/l "SECRET_2" 0 3 12, C4<0111>;
P_000002afe1a3d738 .param/l "SECRET_3" 0 3 12, C4<0001>;
L_000002afe1a56220 .functor AND 1, L_000002afe1ab2090, L_000002afe1ab2f90, C4<1>, C4<1>;
L_000002afe1a561b0 .functor AND 1, L_000002afe1a56220, L_000002afe1ab37b0, C4<1>, C4<1>;
L_000002afe1a56680 .functor AND 1, L_000002afe1a561b0, L_000002afe1ab2590, C4<1>, C4<1>;
L_000002afe1a56ae0 .functor NOT 1, v000002afe1a3ddc0_0, C4<0>, C4<0>, C4<0>;
L_000002afe1a56450 .functor AND 1, L_000002afe1a56ae0, v000002afe1a3dc80_0, C4<1>, C4<1>;
L_000002afe1e80088 .functor BUFT 1, C4<1001>, C4<0>, C4<0>, C4<0>;
v000002afe1a3dd20_0 .net/2u *"_ivl_1", 3 0, L_000002afe1e80088;  1 drivers
v000002afe1a3df00_0 .net *"_ivl_11", 0 0, L_000002afe1a56220;  1 drivers
L_000002afe1e80118 .functor BUFT 1, C4<0111>, C4<0>, C4<0>, C4<0>;
v000002afe1a3dfa0_0 .net/2u *"_ivl_13", 3 0, L_000002afe1e80118;  1 drivers
v000002afe1a3daa0_0 .net *"_ivl_15", 0 0, L_000002afe1ab37b0;  1 drivers
v000002afe1a3e5e0_0 .net *"_ivl_18", 0 0, L_000002afe1a561b0;  1 drivers
L_000002afe1e80160 .functor BUFT 1, C4<0001>, C4<0>, C4<0>, C4<0>;
v000002afe1a3e4a0_0 .net/2u *"_ivl_20", 3 0, L_000002afe1e80160;  1 drivers
v000002afe1a3da00_0 .net *"_ivl_22", 0 0, L_000002afe1ab2590;  1 drivers
v000002afe1a3db40_0 .net *"_ivl_26", 0 0, L_000002afe1a56ae0;  1 drivers
v000002afe1a3e400_0 .net *"_ivl_3", 0 0, L_000002afe1ab2090;  1 drivers
L_000002afe1e800d0 .functor BUFT 1, C4<1001>, C4<0>, C4<0>, C4<0>;
v000002afe1a3e040_0 .net/2u *"_ivl_6", 3 0, L_000002afe1e800d0;  1 drivers
v000002afe1a3e540_0 .net *"_ivl_8", 0 0, L_000002afe1ab2f90;  1 drivers
v000002afe1a3e680_0 .net "ck", 0 0, v000002afe1a3e360_0;  1 drivers
v000002afe1a3dbe0_0 .net "close", 0 0, v000002afe1ab3990_0;  1 drivers
v000002afe1a3dc80_0 .var "ke1", 0 0;
v000002afe1a3ddc0_0 .var "ke2", 0 0;
v000002afe1a3e720 .array "key", 3 0, 3 0;
v000002afe1a3e7c0_0 .net "key_enbl", 0 0, L_000002afe1a56450;  1 drivers
v000002afe1a3e0e0_0 .var "lock", 0 0;
v000002afe1a3d960_0 .net "match", 0 0, L_000002afe1a56680;  1 drivers
v000002afe1a3e180_0 .net "reset", 0 0, v000002afe1ab30d0_0;  1 drivers
v000002afe1a3e220_0 .net "tenkey", 9 0, v000002afe1ab3ad0_0;  1 drivers
E_000002afe1a3fd50 .event posedge, v000002afe1a3e180_0, v000002afe1a3e680_0;
v000002afe1a3e720_0 .array/port v000002afe1a3e720, 0;
L_000002afe1ab2090 .cmp/eq 4, v000002afe1a3e720_0, L_000002afe1e80088;
v000002afe1a3e720_1 .array/port v000002afe1a3e720, 1;
L_000002afe1ab2f90 .cmp/eq 4, v000002afe1a3e720_1, L_000002afe1e800d0;
v000002afe1a3e720_2 .array/port v000002afe1a3e720, 2;
L_000002afe1ab37b0 .cmp/eq 4, v000002afe1a3e720_2, L_000002afe1e80118;
v000002afe1a3e720_3 .array/port v000002afe1a3e720, 3;
L_000002afe1ab2590 .cmp/eq 4, v000002afe1a3e720_3, L_000002afe1e80160;
S_000002afe1a44cd0 .scope function.vec4.s4, "keyenc" "keyenc" 3 59, 3 59 0, S_000002afe1a44b40;
 .timescale 0 0;
; Variable keyenc is vec4 return value of scope S_000002afe1a44cd0
v000002afe1a3de60_0 .var "sw", 9 0;
TD_elelock_tp.elelock.keyenc ;
    %load/vec4 v000002afe1a3de60_0;
    %dup/vec4;
    %pushi/vec4 1, 0, 10;
    %cmp/u;
    %jmp/1 T_0.0, 6;
    %dup/vec4;
    %pushi/vec4 2, 0, 10;
    %cmp/u;
    %jmp/1 T_0.1, 6;
    %dup/vec4;
    %pushi/vec4 4, 0, 10;
    %cmp/u;
    %jmp/1 T_0.2, 6;
    %dup/vec4;
    %pushi/vec4 8, 0, 10;
    %cmp/u;
    %jmp/1 T_0.3, 6;
    %dup/vec4;
    %pushi/vec4 16, 0, 10;
    %cmp/u;
    %jmp/1 T_0.4, 6;
    %dup/vec4;
    %pushi/vec4 32, 0, 10;
    %cmp/u;
    %jmp/1 T_0.5, 6;
    %dup/vec4;
    %pushi/vec4 64, 0, 10;
    %cmp/u;
    %jmp/1 T_0.6, 6;
    %dup/vec4;
    %pushi/vec4 128, 0, 10;
    %cmp/u;
    %jmp/1 T_0.7, 6;
    %dup/vec4;
    %pushi/vec4 256, 0, 10;
    %cmp/u;
    %jmp/1 T_0.8, 6;
    %dup/vec4;
    %pushi/vec4 512, 0, 10;
    %cmp/u;
    %jmp/1 T_0.9, 6;
    %jmp T_0.10;
T_0.0 ;
    %pushi/vec4 0, 0, 4;
    %ret/vec4 0, 0, 4;  Assign to keyenc (store_vec4_to_lval)
    %jmp T_0.10;
T_0.1 ;
    %pushi/vec4 1, 0, 4;
    %ret/vec4 0, 0, 4;  Assign to keyenc (store_vec4_to_lval)
    %jmp T_0.10;
T_0.2 ;
    %pushi/vec4 2, 0, 4;
    %ret/vec4 0, 0, 4;  Assign to keyenc (store_vec4_to_lval)
    %jmp T_0.10;
T_0.3 ;
    %pushi/vec4 3, 0, 4;
    %ret/vec4 0, 0, 4;  Assign to keyenc (store_vec4_to_lval)
    %jmp T_0.10;
T_0.4 ;
    %pushi/vec4 4, 0, 4;
    %ret/vec4 0, 0, 4;  Assign to keyenc (store_vec4_to_lval)
    %jmp T_0.10;
T_0.5 ;
    %pushi/vec4 5, 0, 4;
    %ret/vec4 0, 0, 4;  Assign to keyenc (store_vec4_to_lval)
    %jmp T_0.10;
T_0.6 ;
    %pushi/vec4 6, 0, 4;
    %ret/vec4 0, 0, 4;  Assign to keyenc (store_vec4_to_lval)
    %jmp T_0.10;
T_0.7 ;
    %pushi/vec4 7, 0, 4;
    %ret/vec4 0, 0, 4;  Assign to keyenc (store_vec4_to_lval)
    %jmp T_0.10;
T_0.8 ;
    %pushi/vec4 8, 0, 4;
    %ret/vec4 0, 0, 4;  Assign to keyenc (store_vec4_to_lval)
    %jmp T_0.10;
T_0.9 ;
    %pushi/vec4 9, 0, 4;
    %ret/vec4 0, 0, 4;  Assign to keyenc (store_vec4_to_lval)
    %jmp T_0.10;
T_0.10 ;
    %pop/vec4 1;
    %end;
    .scope S_000002afe1a44b40;
T_1 ;
    %wait E_000002afe1a3fd50;
    %load/vec4 v000002afe1a3e180_0;
    %cmpi/e 1, 0, 1;
    %jmp/0xz  T_1.0, 4;
    %pushi/vec4 15, 0, 4;
    %ix/load 3, 3, 0;
    %flag_set/imm 4, 0;
    %ix/load 4, 0, 0; Constant delay
    %assign/vec4/a/d v000002afe1a3e720, 0, 4;
    %pushi/vec4 15, 0, 4;
    %ix/load 3, 2, 0;
    %flag_set/imm 4, 0;
    %ix/load 4, 0, 0; Constant delay
    %assign/vec4/a/d v000002afe1a3e720, 0, 4;
    %pushi/vec4 15, 0, 4;
    %ix/load 3, 1, 0;
    %flag_set/imm 4, 0;
    %ix/load 4, 0, 0; Constant delay
    %assign/vec4/a/d v000002afe1a3e720, 0, 4;
    %pushi/vec4 15, 0, 4;
    %ix/load 3, 0, 0;
    %flag_set/imm 4, 0;
    %ix/load 4, 0, 0; Constant delay
    %assign/vec4/a/d v000002afe1a3e720, 0, 4;
    %jmp T_1.1;
T_1.0 ;
    %load/vec4 v000002afe1a3dbe0_0;
    %cmpi/e 1, 0, 1;
    %jmp/0xz  T_1.2, 4;
    %pushi/vec4 15, 0, 4;
    %ix/load 3, 3, 0;
    %flag_set/imm 4, 0;
    %ix/load 4, 0, 0; Constant delay
    %assign/vec4/a/d v000002afe1a3e720, 0, 4;
    %pushi/vec4 15, 0, 4;
    %ix/load 3, 2, 0;
    %flag_set/imm 4, 0;
    %ix/load 4, 0, 0; Constant delay
    %assign/vec4/a/d v000002afe1a3e720, 0, 4;
    %pushi/vec4 15, 0, 4;
    %ix/load 3, 1, 0;
    %flag_set/imm 4, 0;
    %ix/load 4, 0, 0; Constant delay
    %assign/vec4/a/d v000002afe1a3e720, 0, 4;
    %pushi/vec4 15, 0, 4;
    %ix/load 3, 0, 0;
    %flag_set/imm 4, 0;
    %ix/load 4, 0, 0; Constant delay
    %assign/vec4/a/d v000002afe1a3e720, 0, 4;
    %jmp T_1.3;
T_1.2 ;
    %load/vec4 v000002afe1a3e7c0_0;
    %cmpi/e 1, 0, 1;
    %jmp/0xz  T_1.4, 4;
    %ix/load 4, 2, 0;
    %flag_set/imm 4, 0;
    %load/vec4a v000002afe1a3e720, 4;
    %ix/load 3, 3, 0;
    %flag_set/imm 4, 0;
    %ix/load 4, 0, 0; Constant delay
    %assign/vec4/a/d v000002afe1a3e720, 0, 4;
    %ix/load 4, 1, 0;
    %flag_set/imm 4, 0;
    %load/vec4a v000002afe1a3e720, 4;
    %ix/load 3, 2, 0;
    %flag_set/imm 4, 0;
    %ix/load 4, 0, 0; Constant delay
    %assign/vec4/a/d v000002afe1a3e720, 0, 4;
    %ix/load 4, 0, 0;
    %flag_set/imm 4, 0;
    %load/vec4a v000002afe1a3e720, 4;
    %ix/load 3, 1, 0;
    %flag_set/imm 4, 0;
    %ix/load 4, 0, 0; Constant delay
    %assign/vec4/a/d v000002afe1a3e720, 0, 4;
    %load/vec4 v000002afe1a3e220_0;
    %store/vec4 v000002afe1a3de60_0, 0, 10;
    %callf/vec4 TD_elelock_tp.elelock.keyenc, S_000002afe1a44cd0;
    %ix/load 3, 0, 0;
    %flag_set/imm 4, 0;
    %ix/load 4, 0, 0; Constant delay
    %assign/vec4/a/d v000002afe1a3e720, 0, 4;
T_1.4 ;
T_1.3 ;
T_1.1 ;
    %jmp T_1;
    .thread T_1;
    .scope S_000002afe1a44b40;
T_2 ;
    %wait E_000002afe1a3fd50;
    %load/vec4 v000002afe1a3e180_0;
    %cmpi/e 1, 0, 1;
    %jmp/0xz  T_2.0, 4;
    %pushi/vec4 0, 0, 1;
    %assign/vec4 v000002afe1a3ddc0_0, 0;
    %pushi/vec4 0, 0, 1;
    %assign/vec4 v000002afe1a3dc80_0, 0;
    %jmp T_2.1;
T_2.0 ;
    %load/vec4 v000002afe1a3dc80_0;
    %assign/vec4 v000002afe1a3ddc0_0, 0;
    %load/vec4 v000002afe1a3e220_0;
    %or/r;
    %assign/vec4 v000002afe1a3dc80_0, 0;
T_2.1 ;
    %jmp T_2;
    .thread T_2;
    .scope S_000002afe1a44b40;
T_3 ;
    %wait E_000002afe1a3fd50;
    %load/vec4 v000002afe1a3e180_0;
    %cmpi/e 1, 0, 1;
    %jmp/0xz  T_3.0, 4;
    %pushi/vec4 0, 0, 1;
    %assign/vec4 v000002afe1a3e0e0_0, 0;
    %jmp T_3.1;
T_3.0 ;
    %load/vec4 v000002afe1a3dbe0_0;
    %cmpi/e 1, 0, 1;
    %jmp/0xz  T_3.2, 4;
    %pushi/vec4 1, 0, 1;
    %assign/vec4 v000002afe1a3e0e0_0, 0;
    %jmp T_3.3;
T_3.2 ;
    %load/vec4 v000002afe1a3d960_0;
    %cmpi/e 1, 0, 1;
    %jmp/0xz  T_3.4, 4;
    %pushi/vec4 0, 0, 1;
    %assign/vec4 v000002afe1a3e0e0_0, 0;
T_3.4 ;
T_3.3 ;
T_3.1 ;
    %jmp T_3;
    .thread T_3;
    .scope S_000002afe1a3e880;
T_4 ;
    %pushi/vec4 0, 0, 1;
    %store/vec4 v000002afe1a3e360_0, 0, 1;
    %delay 500, 0;
    %pushi/vec4 1, 0, 1;
    %store/vec4 v000002afe1a3e360_0, 0, 1;
    %delay 500, 0;
    %jmp T_4;
    .thread T_4;
    .scope S_000002afe1a3e880;
T_5 ;
    %pushi/vec4 0, 0, 1;
    %store/vec4 v000002afe1ab30d0_0, 0, 1;
    %pushi/vec4 0, 0, 10;
    %store/vec4 v000002afe1ab3ad0_0, 0, 10;
    %pushi/vec4 0, 0, 1;
    %store/vec4 v000002afe1ab3990_0, 0, 1;
    %delay 1000, 0;
    %pushi/vec4 1, 0, 1;
    %store/vec4 v000002afe1ab30d0_0, 0, 1;
    %delay 1000, 0;
    %pushi/vec4 0, 0, 1;
    %store/vec4 v000002afe1ab30d0_0, 0, 1;
    %delay 4000, 0;
    %pushi/vec4 1, 0, 1;
    %store/vec4 v000002afe1ab3990_0, 0, 1;
    %delay 1000, 0;
    %pushi/vec4 0, 0, 1;
    %store/vec4 v000002afe1ab3990_0, 0, 1;
    %delay 4000, 0;
    %pushi/vec4 1, 0, 1;
    %ix/load 4, 1, 0;
    %flag_set/imm 4, 0;
    %store/vec4 v000002afe1ab3ad0_0, 4, 1;
    %delay 4000, 0;
    %pushi/vec4 0, 0, 1;
    %ix/load 4, 1, 0;
    %flag_set/imm 4, 0;
    %store/vec4 v000002afe1ab3ad0_0, 4, 1;
    %delay 4000, 0;
    %pushi/vec4 1, 0, 1;
    %ix/load 4, 7, 0;
    %flag_set/imm 4, 0;
    %store/vec4 v000002afe1ab3ad0_0, 4, 1;
    %delay 4000, 0;
    %pushi/vec4 0, 0, 1;
    %ix/load 4, 7, 0;
    %flag_set/imm 4, 0;
    %store/vec4 v000002afe1ab3ad0_0, 4, 1;
    %delay 4000, 0;
    %pushi/vec4 1, 0, 1;
    %ix/load 4, 9, 0;
    %flag_set/imm 4, 0;
    %store/vec4 v000002afe1ab3ad0_0, 4, 1;
    %delay 4000, 0;
    %pushi/vec4 0, 0, 1;
    %ix/load 4, 9, 0;
    %flag_set/imm 4, 0;
    %store/vec4 v000002afe1ab3ad0_0, 4, 1;
    %delay 4000, 0;
    %pushi/vec4 1, 0, 1;
    %ix/load 4, 9, 0;
    %flag_set/imm 4, 0;
    %store/vec4 v000002afe1ab3ad0_0, 4, 1;
    %delay 4000, 0;
    %pushi/vec4 0, 0, 1;
    %ix/load 4, 9, 0;
    %flag_set/imm 4, 0;
    %store/vec4 v000002afe1ab3ad0_0, 4, 1;
    %delay 4000, 0;
    %pushi/vec4 1, 0, 1;
    %ix/load 4, 9, 0;
    %flag_set/imm 4, 0;
    %store/vec4 v000002afe1ab3ad0_0, 4, 1;
    %delay 4000, 0;
    %pushi/vec4 0, 0, 1;
    %ix/load 4, 9, 0;
    %flag_set/imm 4, 0;
    %store/vec4 v000002afe1ab3ad0_0, 4, 1;
    %delay 4000, 0;
    %pushi/vec4 1, 0, 1;
    %ix/load 4, 9, 0;
    %flag_set/imm 4, 0;
    %store/vec4 v000002afe1ab3ad0_0, 4, 1;
    %delay 4000, 0;
    %pushi/vec4 0, 0, 1;
    %ix/load 4, 9, 0;
    %flag_set/imm 4, 0;
    %store/vec4 v000002afe1ab3ad0_0, 4, 1;
    %delay 4000, 0;
    %pushi/vec4 1, 0, 1;
    %store/vec4 v000002afe1ab3990_0, 0, 1;
    %delay 1000, 0;
    %pushi/vec4 0, 0, 1;
    %store/vec4 v000002afe1ab3990_0, 0, 1;
    %delay 4000, 0;
    %vpi_call 2 36 "$finish" {0 0 0};
    %end;
    .thread T_5;
    .scope S_000002afe1a3e880;
T_6 ;
    %vpi_call 2 39 "$monitor", $stime, " reset=%b close=%b tenkey=%b key=%h%h%h%h lock=%b", v000002afe1ab30d0_0, v000002afe1ab3990_0, v000002afe1ab3ad0_0, &A<v000002afe1a3e720, 3>, &A<v000002afe1a3e720, 2>, &A<v000002afe1a3e720, 1>, &A<v000002afe1a3e720, 0>, v000002afe1ab3f30_0 {0 0 0};
    %end;
    .thread T_6;
# The file index is used to find the file name in the following table.
:file_names 4;
    "N/A";
    "<interactive>";
    "elelock_tp.v";
    "elelock.v";
