#! /c/Source/iverilog-install/bin/vvp
:ivl_version "12.0 (devel)" "(s20150603-1110-g18392a46)";
:ivl_delay_selection "TYPICAL";
:vpi_time_precision - 12;
:vpi_module "C:\iverilog\lib\ivl\system.vpi";
:vpi_module "C:\iverilog\lib\ivl\vhdl_sys.vpi";
:vpi_module "C:\iverilog\lib\ivl\vhdl_textio.vpi";
:vpi_module "C:\iverilog\lib\ivl\v2005_math.vpi";
:vpi_module "C:\iverilog\lib\ivl\va_math.vpi";
S_000001916507a880 .scope module, "encoder_if_tp" "encoder_if_tp" 2 3;
 .timescale -12 -12;
P_0000019164ef33b0 .param/l "STEP" 0 2 7, +C4<00000000000000000000001111101000>;
v0000019164ee3020_0 .var "din", 7 0;
v0000019164ee30c0_0 .net "dout", 2 0, L_0000019164f40a70;  1 drivers
S_0000019165079640 .scope module, "encoder_if" "encoder_if" 2 9, 3 1 0, S_000001916507a880;
 .timescale -12 -12;
    .port_info 0 /INPUT 8 "din";
    .port_info 1 /OUTPUT 3 "dout";
v000001916507bcb0_0 .net "din", 7 0, v0000019164ee3020_0;  1 drivers
v000001916507bd50_0 .net "dout", 2 0, L_0000019164f40a70;  alias, 1 drivers
L_0000019164f40a70 .ufunc/vec4 TD_encoder_if_tp.encoder_if.enc, 3, v0000019164ee3020_0 (v00000191650797d0_0) S_0000019164ee2e90;
S_0000019164ee2e90 .scope function.vec4.s3, "enc" "enc" 3 5, 3 5 0, S_0000019165079640;
 .timescale -12 -12;
v00000191650797d0_0 .var "din", 7 0;
; Variable enc is vec4 return value of scope S_0000019164ee2e90
TD_encoder_if_tp.encoder_if.enc ;
    %load/vec4 v00000191650797d0_0;
    %dup/vec4;
    %pushi/vec4 128, 0, 8;
    %cmp/u;
    %jmp/1 T_0.0, 6;
    %dup/vec4;
    %pushi/vec4 64, 0, 8;
    %cmp/u;
    %jmp/1 T_0.1, 6;
    %dup/vec4;
    %pushi/vec4 32, 0, 8;
    %cmp/u;
    %jmp/1 T_0.2, 6;
    %dup/vec4;
    %pushi/vec4 16, 0, 8;
    %cmp/u;
    %jmp/1 T_0.3, 6;
    %dup/vec4;
    %pushi/vec4 8, 0, 8;
    %cmp/u;
    %jmp/1 T_0.4, 6;
    %dup/vec4;
    %pushi/vec4 4, 0, 8;
    %cmp/u;
    %jmp/1 T_0.5, 6;
    %dup/vec4;
    %pushi/vec4 2, 0, 8;
    %cmp/u;
    %jmp/1 T_0.6, 6;
    %pushi/vec4 0, 0, 3;
    %ret/vec4 0, 0, 3;  Assign to enc (store_vec4_to_lval)
    %jmp T_0.8;
T_0.0 ;
    %pushi/vec4 7, 0, 3;
    %ret/vec4 0, 0, 3;  Assign to enc (store_vec4_to_lval)
    %jmp T_0.8;
T_0.1 ;
    %pushi/vec4 6, 0, 3;
    %ret/vec4 0, 0, 3;  Assign to enc (store_vec4_to_lval)
    %jmp T_0.8;
T_0.2 ;
    %pushi/vec4 6, 0, 3;
    %ret/vec4 0, 0, 3;  Assign to enc (store_vec4_to_lval)
    %jmp T_0.8;
T_0.3 ;
    %pushi/vec4 4, 0, 3;
    %ret/vec4 0, 0, 3;  Assign to enc (store_vec4_to_lval)
    %jmp T_0.8;
T_0.4 ;
    %pushi/vec4 3, 0, 3;
    %ret/vec4 0, 0, 3;  Assign to enc (store_vec4_to_lval)
    %jmp T_0.8;
T_0.5 ;
    %pushi/vec4 2, 0, 3;
    %ret/vec4 0, 0, 3;  Assign to enc (store_vec4_to_lval)
    %jmp T_0.8;
T_0.6 ;
    %pushi/vec4 1, 0, 3;
    %ret/vec4 0, 0, 3;  Assign to enc (store_vec4_to_lval)
    %jmp T_0.8;
T_0.8 ;
    %pop/vec4 1;
    %end;
    .scope S_000001916507a880;
T_1 ;
    %pushi/vec4 255, 0, 8;
    %store/vec4 v0000019164ee3020_0, 0, 8;
    %delay 1000, 0;
    %pushi/vec4 128, 0, 8;
    %store/vec4 v0000019164ee3020_0, 0, 8;
    %delay 1000, 0;
    %pushi/vec4 127, 0, 8;
    %store/vec4 v0000019164ee3020_0, 0, 8;
    %delay 1000, 0;
    %pushi/vec4 64, 0, 8;
    %store/vec4 v0000019164ee3020_0, 0, 8;
    %delay 1000, 0;
    %pushi/vec4 63, 0, 8;
    %store/vec4 v0000019164ee3020_0, 0, 8;
    %delay 1000, 0;
    %pushi/vec4 32, 0, 8;
    %store/vec4 v0000019164ee3020_0, 0, 8;
    %delay 1000, 0;
    %pushi/vec4 31, 0, 8;
    %store/vec4 v0000019164ee3020_0, 0, 8;
    %delay 1000, 0;
    %pushi/vec4 16, 0, 8;
    %store/vec4 v0000019164ee3020_0, 0, 8;
    %delay 1000, 0;
    %pushi/vec4 15, 0, 8;
    %store/vec4 v0000019164ee3020_0, 0, 8;
    %delay 1000, 0;
    %pushi/vec4 8, 0, 8;
    %store/vec4 v0000019164ee3020_0, 0, 8;
    %delay 1000, 0;
    %pushi/vec4 7, 0, 8;
    %store/vec4 v0000019164ee3020_0, 0, 8;
    %delay 1000, 0;
    %pushi/vec4 4, 0, 8;
    %store/vec4 v0000019164ee3020_0, 0, 8;
    %delay 1000, 0;
    %pushi/vec4 3, 0, 8;
    %store/vec4 v0000019164ee3020_0, 0, 8;
    %delay 1000, 0;
    %pushi/vec4 2, 0, 8;
    %store/vec4 v0000019164ee3020_0, 0, 8;
    %delay 1000, 0;
    %pushi/vec4 1, 0, 8;
    %store/vec4 v0000019164ee3020_0, 0, 8;
    %delay 1000, 0;
    %pushi/vec4 0, 0, 8;
    %store/vec4 v0000019164ee3020_0, 0, 8;
    %delay 1000, 0;
    %vpi_call 2 28 "$finish" {0 0 0};
    %end;
    .thread T_1;
    .scope S_000001916507a880;
T_2 ;
    %vpi_call 2 31 "$monitor", $stime, " din=%h dout=%h ", v0000019164ee3020_0, v0000019164ee30c0_0 {0 0 0};
    %end;
    .thread T_2;
# The file index is used to find the file name in the following table.
:file_names 4;
    "N/A";
    "<interactive>";
    "encoder_if_tp.v";
    "encoder_if.v";
