#! /usr/local/iverilog/bin/vvp
:ivl_version "11.0 (devel)" "(s20150603-642-g3bdb50da)";
:ivl_delay_selection "TYPICAL";
:vpi_time_precision + 0;
:vpi_module "system";
:vpi_module "vhdl_sys";
:vpi_module "vhdl_textio";
:vpi_module "v2005_math";
:vpi_module "va_math";
S_0000000000876cb0 .scope module, "DA_block" "DA_block" 2 3;
 .timescale 0 0;
v0000000000876e40_0 .var/i "i", 31 0;
v0000000000cad9d0_0 .var/i "mcd", 31 0;
    .scope S_0000000000876cb0;
T_0 ;
    %vpi_func 2 9 "$fopen" 32, "DA_out.dat" {0 0 0};
    %store/vec4 v0000000000cad9d0_0, 0, 32;
    %pushi/vec4 0, 0, 32;
    %store/vec4 v0000000000876e40_0, 0, 32;
T_0.0 ;
    %load/vec4 v0000000000876e40_0;
    %cmpi/s 10, 0, 32;
    %jmp/0xz T_0.1, 5;
    %vpi_call 2 11 "$fdisplay", v0000000000cad9d0_0, "%d", v0000000000876e40_0 {0 0 0};
    %load/vec4 v0000000000876e40_0;
    %addi 1, 0, 32;
    %store/vec4 v0000000000876e40_0, 0, 32;
    %jmp T_0.0;
T_0.1 ;
    %vpi_call 2 14 "$fclose", v0000000000cad9d0_0 {0 0 0};
    %end;
    .thread T_0;
# The file index is used to find the file name in the following table.
:file_names 3;
    "N/A";
    "<interactive>";
    "DA_block.v";
