#! /c/Source/iverilog-install/bin/vvp
:ivl_version "12.0 (devel)" "(s20150603-1110-g18392a46)";
:ivl_delay_selection "TYPICAL";
:vpi_time_precision - 12;
:vpi_module "C:\iverilog\lib\ivl\system.vpi";
:vpi_module "C:\iverilog\lib\ivl\vhdl_sys.vpi";
:vpi_module "C:\iverilog\lib\ivl\vhdl_textio.vpi";
:vpi_module "C:\iverilog\lib\ivl\v2005_math.vpi";
:vpi_module "C:\iverilog\lib\ivl\va_math.vpi";
S_0000026db6a0c4d0 .scope module, "regfile_tp" "regfile_tp" 2 2;
 .timescale -12 -12;
P_0000026db6a46af0 .param/l "STEP" 0 2 9, +C4<00000000000000011000011010100000>;
v0000026db6a67e40_0 .var "ck", 0 0;
v0000026db6abbed0_0 .var "din", 7 0;
v0000026db6abbe30_0 .net "dout", 7 0, L_0000026db6a66200;  1 drivers
v0000026db6abb930_0 .var "inaddr", 1 0;
v0000026db6abb9d0_0 .var "outaddr", 1 0;
v0000026db6abb110_0 .var "we", 0 0;
S_0000026db6a5d2c0 .scope module, "regfile" "regfile" 2 11, 3 1 0, S_0000026db6a0c4d0;
 .timescale -12 -12;
    .port_info 0 /INPUT 1 "ck";
    .port_info 1 /INPUT 1 "we";
    .port_info 2 /INPUT 8 "din";
    .port_info 3 /INPUT 2 "inaddr";
    .port_info 4 /OUTPUT 8 "dout";
    .port_info 5 /INPUT 2 "outaddr";
L_0000026db6a66200 .functor BUFZ 8, L_0000026db6abbcf0, C4<00000000>, C4<00000000>, C4<00000000>;
v0000026db6a5d450_0 .net *"_ivl_0", 7 0, L_0000026db6abbcf0;  1 drivers
v0000026db6a5ae10_0 .net *"_ivl_2", 3 0, L_0000026db6abbbb0;  1 drivers
L_0000026db6abc038 .functor BUFT 1, C4<00>, C4<0>, C4<0>, C4<0>;
v0000026db6a5d4f0_0 .net *"_ivl_5", 1 0, L_0000026db6abc038;  1 drivers
v0000026db6a5d590_0 .net "ck", 0 0, v0000026db6a67e40_0;  1 drivers
v0000026db6a5d630_0 .net "din", 7 0, v0000026db6abbed0_0;  1 drivers
v0000026db6a5d6d0_0 .net "dout", 7 0, L_0000026db6a66200;  alias, 1 drivers
v0000026db6a67bc0 .array "file", 3 0, 7 0;
v0000026db6a67c60_0 .net "inaddr", 1 0, v0000026db6abb930_0;  1 drivers
v0000026db6a67d00_0 .net "outaddr", 1 0, v0000026db6abb9d0_0;  1 drivers
v0000026db6a67da0_0 .net "we", 0 0, v0000026db6abb110_0;  1 drivers
E_0000026db6a47530 .event posedge, v0000026db6a5d590_0;
L_0000026db6abbcf0 .array/port v0000026db6a67bc0, L_0000026db6abbbb0;
L_0000026db6abbbb0 .concat [ 2 2 0 0], v0000026db6abb9d0_0, L_0000026db6abc038;
    .scope S_0000026db6a5d2c0;
T_0 ;
    %wait E_0000026db6a47530;
    %load/vec4 v0000026db6a67da0_0;
    %flag_set/vec4 8;
    %jmp/0xz  T_0.0, 8;
    %load/vec4 v0000026db6a5d630_0;
    %load/vec4 v0000026db6a67c60_0;
    %pad/u 4;
    %ix/vec4 3;
    %ix/load 4, 0, 0; Constant delay
    %assign/vec4/a/d v0000026db6a67bc0, 0, 4;
T_0.0 ;
    %jmp T_0;
    .thread T_0;
    .scope S_0000026db6a0c4d0;
T_1 ;
    %pushi/vec4 0, 0, 1;
    %store/vec4 v0000026db6a67e40_0, 0, 1;
    %delay 50000, 0;
    %pushi/vec4 1, 0, 1;
    %store/vec4 v0000026db6a67e40_0, 0, 1;
    %delay 50000, 0;
    %jmp T_1;
    .thread T_1;
    .scope S_0000026db6a0c4d0;
T_2 ;
    %pushi/vec4 0, 0, 1;
    %store/vec4 v0000026db6abb110_0, 0, 1;
    %pushi/vec4 1, 0, 8;
    %store/vec4 v0000026db6abbed0_0, 0, 8;
    %pushi/vec4 0, 0, 2;
    %store/vec4 v0000026db6abb930_0, 0, 2;
    %pushi/vec4 0, 0, 2;
    %store/vec4 v0000026db6abb9d0_0, 0, 2;
    %delay 100000, 0;
    %pushi/vec4 1, 0, 1;
    %store/vec4 v0000026db6abb110_0, 0, 1;
    %pushi/vec4 1, 0, 8;
    %store/vec4 v0000026db6abbed0_0, 0, 8;
    %pushi/vec4 0, 0, 2;
    %store/vec4 v0000026db6abb930_0, 0, 2;
    %pushi/vec4 0, 0, 2;
    %store/vec4 v0000026db6abb9d0_0, 0, 2;
    %delay 100000, 0;
    %pushi/vec4 1, 0, 1;
    %store/vec4 v0000026db6abb110_0, 0, 1;
    %pushi/vec4 2, 0, 8;
    %store/vec4 v0000026db6abbed0_0, 0, 8;
    %pushi/vec4 1, 0, 2;
    %store/vec4 v0000026db6abb930_0, 0, 2;
    %pushi/vec4 0, 0, 2;
    %store/vec4 v0000026db6abb9d0_0, 0, 2;
    %delay 100000, 0;
    %pushi/vec4 1, 0, 1;
    %store/vec4 v0000026db6abb110_0, 0, 1;
    %pushi/vec4 3, 0, 8;
    %store/vec4 v0000026db6abbed0_0, 0, 8;
    %pushi/vec4 2, 0, 2;
    %store/vec4 v0000026db6abb930_0, 0, 2;
    %pushi/vec4 0, 0, 2;
    %store/vec4 v0000026db6abb9d0_0, 0, 2;
    %delay 100000, 0;
    %pushi/vec4 1, 0, 1;
    %store/vec4 v0000026db6abb110_0, 0, 1;
    %pushi/vec4 4, 0, 8;
    %store/vec4 v0000026db6abbed0_0, 0, 8;
    %pushi/vec4 3, 0, 2;
    %store/vec4 v0000026db6abb930_0, 0, 2;
    %pushi/vec4 0, 0, 2;
    %store/vec4 v0000026db6abb9d0_0, 0, 2;
    %delay 100000, 0;
    %pushi/vec4 0, 0, 1;
    %store/vec4 v0000026db6abb110_0, 0, 1;
    %pushi/vec4 0, 0, 8;
    %store/vec4 v0000026db6abbed0_0, 0, 8;
    %pushi/vec4 3, 0, 2;
    %store/vec4 v0000026db6abb930_0, 0, 2;
    %pushi/vec4 0, 0, 2;
    %store/vec4 v0000026db6abb9d0_0, 0, 2;
    %delay 100000, 0;
    %pushi/vec4 0, 0, 1;
    %store/vec4 v0000026db6abb110_0, 0, 1;
    %pushi/vec4 0, 0, 8;
    %store/vec4 v0000026db6abbed0_0, 0, 8;
    %pushi/vec4 3, 0, 2;
    %store/vec4 v0000026db6abb930_0, 0, 2;
    %pushi/vec4 1, 0, 2;
    %store/vec4 v0000026db6abb9d0_0, 0, 2;
    %delay 100000, 0;
    %pushi/vec4 0, 0, 1;
    %store/vec4 v0000026db6abb110_0, 0, 1;
    %pushi/vec4 0, 0, 8;
    %store/vec4 v0000026db6abbed0_0, 0, 8;
    %pushi/vec4 3, 0, 2;
    %store/vec4 v0000026db6abb930_0, 0, 2;
    %pushi/vec4 2, 0, 2;
    %store/vec4 v0000026db6abb9d0_0, 0, 2;
    %delay 100000, 0;
    %pushi/vec4 0, 0, 1;
    %store/vec4 v0000026db6abb110_0, 0, 1;
    %pushi/vec4 0, 0, 8;
    %store/vec4 v0000026db6abbed0_0, 0, 8;
    %pushi/vec4 3, 0, 2;
    %store/vec4 v0000026db6abb930_0, 0, 2;
    %pushi/vec4 3, 0, 2;
    %store/vec4 v0000026db6abb9d0_0, 0, 2;
    %delay 100000, 0;
    %vpi_call 2 28 "$finish" {0 0 0};
    %end;
    .thread T_2;
    .scope S_0000026db6a0c4d0;
T_3 ;
    %vpi_call 2 31 "$monitor", $stime, " ck=%b we=%b din=%b inaddr=%b outaddr=%b dout=%b", v0000026db6a67e40_0, v0000026db6abb110_0, v0000026db6abbed0_0, v0000026db6abb930_0, v0000026db6abb9d0_0, v0000026db6abbe30_0 {0 0 0};
    %end;
    .thread T_3;
# The file index is used to find the file name in the following table.
:file_names 4;
    "N/A";
    "<interactive>";
    "regfile_tp.v";
    "regfile.v";
