#! /c/Source/iverilog-install/bin/vvp
:ivl_version "12.0 (devel)" "(s20150603-1110-g18392a46)";
:ivl_delay_selection "TYPICAL";
:vpi_time_precision - 12;
:vpi_module "C:\iverilog\lib\ivl\system.vpi";
:vpi_module "C:\iverilog\lib\ivl\vhdl_sys.vpi";
:vpi_module "C:\iverilog\lib\ivl\vhdl_textio.vpi";
:vpi_module "C:\iverilog\lib\ivl\v2005_math.vpi";
:vpi_module "C:\iverilog\lib\ivl\va_math.vpi";
S_000001eed38b5f70 .scope module, "adder_tp" "adder_tp" 2 3;
 .timescale -12 -12;
P_000001eed38b68d0 .param/l "STEP" 0 2 6, +C4<00000000000000011000011010100000>;
v000001eed38b6330_0 .var "a", 3 0;
v000001eed38ad220_0 .var "b", 3 0;
v000001eed38aa630_0 .net "q", 3 0, L_000001eed38aa6d0;  1 drivers
S_000001eed38b6100 .scope module, "adder" "adder" 2 8, 3 2 0, S_000001eed38b5f70;
 .timescale 0 0;
    .port_info 0 /INPUT 4 "a";
    .port_info 1 /INPUT 4 "b";
    .port_info 2 /OUTPUT 4 "q";
v000001eed38b8ee0_0 .net "a", 3 0, v000001eed38b6330_0;  1 drivers
v000001eed38b2220_0 .net "b", 3 0, v000001eed38ad220_0;  1 drivers
v000001eed38b6290_0 .net "q", 3 0, L_000001eed38aa6d0;  alias, 1 drivers
L_000001eed38aa6d0 .arith/sum 4, v000001eed38b6330_0, v000001eed38ad220_0;
    .scope S_000001eed38b5f70;
T_0 ;
    %vpi_call 2 11 "$dumpfile", "adder_tp.vcd" {0 0 0};
    %vpi_call 2 12 "$dumpvars", 32'sb00000000000000000000000000000000, S_000001eed38b5f70 {0 0 0};
    %pushi/vec4 0, 0, 4;
    %store/vec4 v000001eed38b6330_0, 0, 4;
    %pushi/vec4 0, 0, 4;
    %store/vec4 v000001eed38ad220_0, 0, 4;
    %delay 100000, 0;
    %pushi/vec4 5, 0, 4;
    %store/vec4 v000001eed38b6330_0, 0, 4;
    %pushi/vec4 10, 0, 4;
    %store/vec4 v000001eed38ad220_0, 0, 4;
    %delay 100000, 0;
    %pushi/vec4 7, 0, 4;
    %store/vec4 v000001eed38b6330_0, 0, 4;
    %pushi/vec4 10, 0, 4;
    %store/vec4 v000001eed38ad220_0, 0, 4;
    %delay 100000, 0;
    %pushi/vec4 1, 0, 4;
    %store/vec4 v000001eed38b6330_0, 0, 4;
    %pushi/vec4 15, 0, 4;
    %store/vec4 v000001eed38ad220_0, 0, 4;
    %delay 100000, 0;
    %pushi/vec4 15, 0, 4;
    %store/vec4 v000001eed38b6330_0, 0, 4;
    %pushi/vec4 15, 0, 4;
    %store/vec4 v000001eed38ad220_0, 0, 4;
    %delay 100000, 0;
    %vpi_call 2 18 "$finish" {0 0 0};
    %end;
    .thread T_0;
    .scope S_000001eed38b5f70;
T_1 ;
    %vpi_call 2 20 "$monitor", $stime, " a=%h b=%h q=%h", v000001eed38b6330_0, v000001eed38ad220_0, v000001eed38aa630_0 {0 0 0};
    %end;
    .thread T_1;
# The file index is used to find the file name in the following table.
:file_names 4;
    "N/A";
    "<interactive>";
    "adder_tp.v";
    "adder.v";
