#! /usr/local/iverilog/bin/vvp
:ivl_version "11.0 (devel)" "(s20150603-642-g3bdb50da)";
:ivl_delay_selection "TYPICAL";
:vpi_time_precision + 0;
:vpi_module "system";
:vpi_module "vhdl_sys";
:vpi_module "vhdl_textio";
:vpi_module "v2005_math";
:vpi_module "va_math";
S_0000000000bf6900 .scope module, "gerro" "gerro" 2 1;
 .timescale 0 0;
    .port_info 0 /INPUT 1 "a";
    .port_info 1 /INPUT 1 "b";
    .port_info 2 /OUTPUT 1 "c";
o00000000008769e8 .functor BUFZ 1, C4<z>; HiZ drive
o0000000000876a18 .functor BUFZ 1, C4<z>; HiZ drive
L_0000000000bf6bd0 .functor AND 1, o00000000008769e8, o0000000000876a18, C4<1>, C4<1>;
v0000000000bf7140_0 .net "a", 0 0, o00000000008769e8;  0 drivers
v0000000000bf6a90_0 .net "b", 0 0, o0000000000876a18;  0 drivers
v0000000000bf6b30_0 .net "c", 0 0, L_0000000000bf6bd0;  1 drivers
# The file index is used to find the file name in the following table.
:file_names 3;
    "N/A";
    "<interactive>";
    "gerror.v";
