#! /c/Source/iverilog-install/bin/vvp
:ivl_version "12.0 (devel)" "(s20150603-1110-g18392a46)";
:ivl_delay_selection "TYPICAL";
:vpi_time_precision - 12;
:vpi_module "C:\iverilog\lib\ivl\system.vpi";
:vpi_module "C:\iverilog\lib\ivl\vhdl_sys.vpi";
:vpi_module "C:\iverilog\lib\ivl\vhdl_textio.vpi";
:vpi_module "C:\iverilog\lib\ivl\v2005_math.vpi";
:vpi_module "C:\iverilog\lib\ivl\va_math.vpi";
S_0000026082322d20 .scope module, "keyenable_tp" "keyenable_tp" 2 3;
 .timescale -12 -12;
P_0000026082347fb0 .param/l "STEP" 0 2 7, +C4<00000000000000000000001111101000>;
v0000026082351960_0 .var "ck", 0 0;
v0000026082351a00_0 .var "reset", 0 0;
v0000026082351aa0_0 .var "tenkey", 9 0;
S_0000026082322eb0 .scope module, "keyenable" "keyenable" 2 13, 3 3 0, S_0000026082322d20;
 .timescale 0 0;
    .port_info 0 /INPUT 1 "ck";
    .port_info 1 /INPUT 1 "reset";
    .port_info 2 /INPUT 10 "tenkey";
L_00000260823524c0 .functor NOT 1, v000002608234afe0_0, C4<0>, C4<0>, C4<0>;
L_0000026082351d50 .functor AND 1, L_00000260823524c0, v0000026082323180_0, C4<1>, C4<1>;
v0000026082323040_0 .net *"_ivl_0", 0 0, L_00000260823524c0;  1 drivers
v00000260823230e0_0 .net "ck", 0 0, v0000026082351960_0;  1 drivers
v0000026082323180_0 .var "ke1", 0 0;
v000002608234afe0_0 .var "ke2", 0 0;
v000002608234b080_0 .net "key_enbl", 0 0, L_0000026082351d50;  1 drivers
v000002608234b120_0 .net "reset", 0 0, v0000026082351a00_0;  1 drivers
v000002608234b1c0_0 .net "tenkey", 9 0, v0000026082351aa0_0;  1 drivers
E_0000026082348170 .event posedge, v000002608234b120_0, v00000260823230e0_0;
    .scope S_0000026082322eb0;
T_0 ;
    %wait E_0000026082348170;
    %load/vec4 v000002608234b120_0;
    %cmpi/e 1, 0, 1;
    %jmp/0xz  T_0.0, 4;
    %pushi/vec4 0, 0, 1;
    %assign/vec4 v000002608234afe0_0, 0;
    %pushi/vec4 0, 0, 1;
    %assign/vec4 v0000026082323180_0, 0;
    %jmp T_0.1;
T_0.0 ;
    %load/vec4 v0000026082323180_0;
    %assign/vec4 v000002608234afe0_0, 0;
    %load/vec4 v000002608234b1c0_0;
    %or/r;
    %assign/vec4 v0000026082323180_0, 0;
T_0.1 ;
    %jmp T_0;
    .thread T_0;
    .scope S_0000026082322d20;
T_1 ;
    %pushi/vec4 0, 0, 1;
    %store/vec4 v0000026082351960_0, 0, 1;
    %delay 500, 0;
    %pushi/vec4 1, 0, 1;
    %store/vec4 v0000026082351960_0, 0, 1;
    %delay 500, 0;
    %jmp T_1;
    .thread T_1;
    .scope S_0000026082322d20;
T_2 ;
    %pushi/vec4 0, 0, 1;
    %store/vec4 v0000026082351a00_0, 0, 1;
    %pushi/vec4 0, 0, 10;
    %store/vec4 v0000026082351aa0_0, 0, 10;
    %delay 1000, 0;
    %pushi/vec4 1, 0, 1;
    %store/vec4 v0000026082351a00_0, 0, 1;
    %delay 1000, 0;
    %pushi/vec4 0, 0, 1;
    %store/vec4 v0000026082351a00_0, 0, 1;
    %delay 4000, 0;
    %pushi/vec4 0, 0, 1;
    %ix/load 4, 0, 0;
    %flag_set/imm 4, 0;
    %store/vec4 v0000026082351aa0_0, 4, 1;
    %delay 4000, 0;
    %pushi/vec4 1, 0, 1;
    %ix/load 4, 0, 0;
    %flag_set/imm 4, 0;
    %store/vec4 v0000026082351aa0_0, 4, 1;
    %delay 4000, 0;
    %pushi/vec4 0, 0, 1;
    %ix/load 4, 1, 0;
    %flag_set/imm 4, 0;
    %store/vec4 v0000026082351aa0_0, 4, 1;
    %delay 4000, 0;
    %pushi/vec4 1, 0, 1;
    %ix/load 4, 1, 0;
    %flag_set/imm 4, 0;
    %store/vec4 v0000026082351aa0_0, 4, 1;
    %delay 4000, 0;
    %pushi/vec4 0, 0, 1;
    %ix/load 4, 2, 0;
    %flag_set/imm 4, 0;
    %store/vec4 v0000026082351aa0_0, 4, 1;
    %delay 4000, 0;
    %pushi/vec4 1, 0, 1;
    %ix/load 4, 2, 0;
    %flag_set/imm 4, 0;
    %store/vec4 v0000026082351aa0_0, 4, 1;
    %delay 4000, 0;
    %pushi/vec4 0, 0, 1;
    %ix/load 4, 3, 0;
    %flag_set/imm 4, 0;
    %store/vec4 v0000026082351aa0_0, 4, 1;
    %delay 4000, 0;
    %pushi/vec4 1, 0, 1;
    %ix/load 4, 3, 0;
    %flag_set/imm 4, 0;
    %store/vec4 v0000026082351aa0_0, 4, 1;
    %delay 4000, 0;
    %pushi/vec4 0, 0, 1;
    %ix/load 4, 4, 0;
    %flag_set/imm 4, 0;
    %store/vec4 v0000026082351aa0_0, 4, 1;
    %delay 4000, 0;
    %pushi/vec4 1, 0, 1;
    %ix/load 4, 4, 0;
    %flag_set/imm 4, 0;
    %store/vec4 v0000026082351aa0_0, 4, 1;
    %delay 4000, 0;
    %pushi/vec4 0, 0, 1;
    %ix/load 4, 5, 0;
    %flag_set/imm 4, 0;
    %store/vec4 v0000026082351aa0_0, 4, 1;
    %delay 4000, 0;
    %pushi/vec4 1, 0, 1;
    %ix/load 4, 5, 0;
    %flag_set/imm 4, 0;
    %store/vec4 v0000026082351aa0_0, 4, 1;
    %delay 4000, 0;
    %pushi/vec4 0, 0, 1;
    %ix/load 4, 6, 0;
    %flag_set/imm 4, 0;
    %store/vec4 v0000026082351aa0_0, 4, 1;
    %delay 4000, 0;
    %pushi/vec4 1, 0, 1;
    %ix/load 4, 6, 0;
    %flag_set/imm 4, 0;
    %store/vec4 v0000026082351aa0_0, 4, 1;
    %delay 4000, 0;
    %pushi/vec4 0, 0, 1;
    %ix/load 4, 7, 0;
    %flag_set/imm 4, 0;
    %store/vec4 v0000026082351aa0_0, 4, 1;
    %delay 4000, 0;
    %pushi/vec4 1, 0, 1;
    %ix/load 4, 7, 0;
    %flag_set/imm 4, 0;
    %store/vec4 v0000026082351aa0_0, 4, 1;
    %delay 4000, 0;
    %pushi/vec4 0, 0, 1;
    %ix/load 4, 8, 0;
    %flag_set/imm 4, 0;
    %store/vec4 v0000026082351aa0_0, 4, 1;
    %delay 4000, 0;
    %pushi/vec4 1, 0, 1;
    %ix/load 4, 8, 0;
    %flag_set/imm 4, 0;
    %store/vec4 v0000026082351aa0_0, 4, 1;
    %delay 4000, 0;
    %pushi/vec4 0, 0, 1;
    %ix/load 4, 9, 0;
    %flag_set/imm 4, 0;
    %store/vec4 v0000026082351aa0_0, 4, 1;
    %delay 4000, 0;
    %pushi/vec4 1, 0, 1;
    %ix/load 4, 9, 0;
    %flag_set/imm 4, 0;
    %store/vec4 v0000026082351aa0_0, 4, 1;
    %delay 4000, 0;
    %vpi_call 2 39 "$finish" {0 0 0};
    %end;
    .thread T_2;
    .scope S_0000026082322d20;
T_3 ;
    %vpi_call 2 42 "$monitor", $stime, " ck=%b reset=%b tenkey=%b ke1=%b ke2=%b key_enbl=%b ", v0000026082351960_0, v0000026082351a00_0, v0000026082351aa0_0, v0000026082323180_0, v000002608234afe0_0, v000002608234b080_0 {0 0 0};
    %end;
    .thread T_3;
# The file index is used to find the file name in the following table.
:file_names 4;
    "N/A";
    "<interactive>";
    "keyenable_tp.v";
    "keyenable.v";
